<?xml version="1.0" encoding="UTF-8"?>
<!-- Generated by org.testng.reporters.JUnitReportReporter -->
<testsuite hostname="Humayun" failures="0" tests="1" name="com.selenium.AmazonSearchTest" time="7.581" errors="0" timestamp="2025-09-22T13:52:38 IST" skipped="0">
  <testcase classname="com.selenium.AmazonSearchTest" name="searchAmazonProduct" time="7.581"/>
</testsuite> <!-- com.selenium.AmazonSearchTest -->
